Collector/app/build/intermediates/manifest_merge_blame_file/debug/manifest-merger-blame-debug-report.txt
1<?xml version="1.0" encoding="utf-8"?>
2<manifest xmlns:android="http://schemas.android.com/apk/res/android"
3    package="com.example.collector"
4    android:versionCode="1"
5    android:versionName="1.0" >
6
7    <uses-sdk
7-->src\main\AndroidManifest.xml:10:5-47
8        android:minSdkVersion="14"
8-->src\main\AndroidManifest.xml:10:5-47
9        android:targetSdkVersion="19" />
9-->src\main\AndroidManifest.xml:10:15-44
10
11    <uses-permission android:name="android.permission.WRITE_EXTERNAL_STORAGE" />
11-->src\main\AndroidManifest.xml:8:2-77
11-->src\main\AndroidManifest.xml:8:19-75
12
13    <application
13-->src\main\AndroidManifest.xml:12:5-35:19
14        android:allowBackup="true"
14-->src\main\AndroidManifest.xml:13:9-35
15        android:debuggable="true"
16        android:icon="@drawable/ic_launcher"
16-->src\main\AndroidManifest.xml:14:9-45
17        android:label="@string/app_name"
17-->src\main\AndroidManifest.xml:15:9-41
18        android:theme="@android:style/Theme" >
18-->src\main\AndroidManifest.xml:16:9-45
19        <activity
19-->src\main\AndroidManifest.xml:17:9-34:20
20            android:name="com.example.collector.MainActivity"
20-->src\main\AndroidManifest.xml:18:13-41
21            android:label="@string/app_name" >
21-->src\main\AndroidManifest.xml:19:13-45
22            <intent-filter>
22-->src\main\AndroidManifest.xml:20:13-24:29
23                <action android:name="android.intent.action.MAIN" />
23-->src\main\AndroidManifest.xml:21:17-69
23-->src\main\AndroidManifest.xml:21:25-66
24
25                <category android:name="android.intent.category.LAUNCHER" />
25-->src\main\AndroidManifest.xml:23:17-77
25-->src\main\AndroidManifest.xml:23:27-74
26            </intent-filter>
27            <intent-filter>
27-->src\main\AndroidManifest.xml:25:13-32:22
28                <action android:name="com.example.collector" />
28-->src\main\AndroidManifest.xml:26:7-54
28-->src\main\AndroidManifest.xml:26:15-51
29
30                <category android:name="android.intent.category.DEFAULT" />
30-->src\main\AndroidManifest.xml:27:7-66
30-->src\main\AndroidManifest.xml:27:17-63
31
32                <data android:mimeType="image/*" />
32-->src\main\AndroidManifest.xml:28:7-42
32-->src\main\AndroidManifest.xml:28:13-39
33                <data android:mimeType="text/*" />
33-->src\main\AndroidManifest.xml:28:7-42
33-->src\main\AndroidManifest.xml:28:13-39
34                <data android:mimeType="file/*" />
34-->src\main\AndroidManifest.xml:28:7-42
34-->src\main\AndroidManifest.xml:28:13-39
35                <data android:mimeType="email/*" />
35-->src\main\AndroidManifest.xml:28:7-42
35-->src\main\AndroidManifest.xml:28:13-39
36            </intent-filter>
37        </activity>
38    </application>
39
40</manifest>